<?xml version="1.0" encoding="UTF-8"?>
<!-- Generated by org.testng.reporters.JUnitReportReporter -->
<testsuite name="testcases.TC001_LoginAndLogout" tests="2" time="21.278" ignored="0" failures="0" timestamp="16 Apr 2018 07:14:57 GMT" skipped="0" hostname="TESTING-SRSL-INMAA" errors="0">
  <testcase name="loginAndLogout" time="12.818" classname="testcases.TC001_LoginAndLogout"/>
  <testcase name="loginAndLogout" time="8.460" classname="testcases.TC001_LoginAndLogout"/>
</testsuite> <!-- testcases.TC001_LoginAndLogout -->
